<?xml version="1.0" encoding="UTF-8"?>
<!-- Generated by org.testng.reporters.JUnitReportReporter -->
<testsuite hostname="Sandeep" name="demo.DemoScript" tests="1" failures="0" timestamp="14 Jan 2022 06:39:54 GMT" time="0.089" errors="0">
  <testcase name="test" time="0.089" classname="demo.DemoScript"/>
</testsuite> <!-- demo.DemoScript -->
